<?xml version="1.0" encoding="utf-8"?><testsuites name="pytest tests"><testsuite name="pytest" errors="0" failures="0" skipped="0" tests="52" time="16.428" timestamp="2026-05-05T14:24:09.972438+00:00" hostname="agent-env-4f9f17c2-f959-4a36-8322-8d5ecaf18ad3"><testcase classname="backend.tests.backend_test.TestAuth" name="test_login_success" time="0.651" /><testcase classname="backend.tests.backend_test.TestAuth" name="test_login_bad_credentials" time="0.358" /><testcase classname="backend.tests.backend_test.TestAuth" name="test_me_requires_auth" time="0.142" /><testcase classname="backend.tests.backend_test.TestAuth" name="test_me_with_token" time="0.489" /><testcase classname="backend.tests.backend_test.TestProducts" name="test_list_products_seeded" time="0.144" /><testcase classname="backend.tests.backend_test.TestProducts" name="test_get_product_by_id" time="0.321" /><testcase classname="backend.tests.backend_test.TestProducts" name="test_get_product_404" time="0.136" /><testcase classname="backend.tests.backend_test.TestAdminProducts" name="test_admin_list_requires_auth" time="0.151" /><testcase classname="backend.tests.backend_test.TestAdminProducts" name="test_admin_list_with_token" time="0.141" /><testcase classname="backend.tests.backend_test.TestAdminProducts" name="test_create_update_delete_flow" time="0.895" /><testcase classname="backend.tests.backend_test.TestContact" name="test_create_contact" time="0.149" /><testcase classname="backend.tests.backend_test.TestContact" name="test_admin_list_contacts_requires_auth" time="0.142" /><testcase classname="backend.tests.backend_test.TestContact" name="test_admin_list_contacts" time="0.146" /><testcase classname="backend.tests.backend_test.TestBooking" name="test_create_booking" time="0.154" /><testcase classname="backend.tests.backend_test.TestBooking" name="test_admin_list_bookings_requires_auth" time="0.128" /><testcase classname="backend.tests.backend_test.TestBooking" name="test_admin_list_bookings" time="0.135" /><testcase classname="backend.tests.backend_test.TestCheckout" name="test_create_checkout_session" time="0.856" /><testcase classname="backend.tests.backend_test.TestCheckout" name="test_checkout_status_initiated" time="0.342" /><testcase classname="backend.tests.backend_test.TestCheckout" name="test_checkout_status_unknown_session" time="0.170" /><testcase classname="backend.tests.backend_test.TestCheckout" name="test_checkout_invalid_product" time="0.131" /><testcase classname="backend.tests.test_p1_features.TestBlogPublic" name="test_list_blog_seeded" time="0.381" /><testcase classname="backend.tests.test_p1_features.TestBlogPublic" name="test_get_blog_by_slug" time="0.126" /><testcase classname="backend.tests.test_p1_features.TestBlogPublic" name="test_get_blog_404" time="0.145" /><testcase classname="backend.tests.test_p1_features.TestBlogAdmin" name="test_admin_list_requires_auth" time="0.134" /><testcase classname="backend.tests.test_p1_features.TestBlogAdmin" name="test_admin_list_with_token" time="0.462" /><testcase classname="backend.tests.test_p1_features.TestBlogAdmin" name="test_create_blog" time="0.147" /><testcase classname="backend.tests.test_p1_features.TestBlogAdmin" name="test_create_duplicate_slug" time="0.144" /><testcase classname="backend.tests.test_p1_features.TestBlogAdmin" name="test_update_blog" time="0.258" /><testcase classname="backend.tests.test_p1_features.TestBlogAdmin" name="test_delete_blog" time="0.242" /><testcase classname="backend.tests.test_p1_features.TestTestimonials" name="test_public_list" time="0.150" /><testcase classname="backend.tests.test_p1_features.TestTestimonials" name="test_admin_requires_auth" time="0.148" /><testcase classname="backend.tests.test_p1_features.TestTestimonials" name="test_admin_create" time="0.101" /><testcase classname="backend.tests.test_p1_features.TestTestimonials" name="test_admin_update" time="0.136" /><testcase classname="backend.tests.test_p1_features.TestTestimonials" name="test_admin_delete" time="0.153" /><testcase classname="backend.tests.test_p1_features.TestOrders" name="test_admin_orders_requires_auth" time="0.115" /><testcase classname="backend.tests.test_p1_features.TestOrders" name="test_admin_orders_list" time="0.141" /><testcase classname="backend.tests.test_p1_features.TestOrders" name="test_reissue_unknown_order" time="0.150" /><testcase classname="backend.tests.test_p1_features.TestOrders" name="test_reissue_unpaid_returns_400" time="0.241" /><testcase classname="backend.tests.test_p1_features.TestOrders" name="test_reissue_paid_mints_token" time="0.278" /><testcase classname="backend.tests.test_p1_features.TestCheckoutStatusFallback" name="test_status_returns_200_for_initiated" time="0.983" /><testcase classname="backend.tests.test_p1_seo_uploads.TestSitemap" name="test_sitemap_returns_xml" time="0.325" /><testcase classname="backend.tests.test_p1_seo_uploads.TestSitemap" name="test_sitemap_has_main_pages" time="0.144" /><testcase classname="backend.tests.test_p1_seo_uploads.TestSitemap" name="test_sitemap_includes_blog_slugs" time="0.141" /><testcase classname="backend.tests.test_p1_seo_uploads.TestSitemap" name="test_sitemap_includes_products" time="0.283" /><testcase classname="backend.tests.test_p1_seo_uploads.TestSitemap" name="test_sitemap_uses_https_and_host" time="0.139" /><testcase classname="backend.tests.test_p1_seo_uploads.TestImageUpload" name="test_upload_requires_auth" time="0.126" /><testcase classname="backend.tests.test_p1_seo_uploads.TestImageUpload" name="test_upload_rejects_non_image" time="0.477" /><testcase classname="backend.tests.test_p1_seo_uploads.TestImageUpload" name="test_upload_rejects_oversize" time="3.730" /><testcase classname="backend.tests.test_p1_seo_uploads.TestImageUpload" name="test_upload_success_returns_path_and_url" time="0.207" /><testcase classname="backend.tests.test_p1_seo_uploads.TestServeUpload" name="test_serve_uploaded_image_ok" time="0.178" /><testcase classname="backend.tests.test_p1_seo_uploads.TestServeUpload" name="test_serve_unknown_path_404" time="0.083" /><testcase classname="backend.tests.test_p1_seo_uploads.TestRobots" name="test_robots_served" time="0.085" /></testsuite></testsuites>