<?xml version="1.0" encoding="utf-8"?><testsuites name="pytest tests"><testsuite name="pytest" errors="0" failures="0" skipped="0" tests="12" time="4.191" timestamp="2026-05-05T14:24:00.897259+00:00" hostname="agent-env-4f9f17c2-f959-4a36-8322-8d5ecaf18ad3"><testcase classname="backend.tests.test_p1_seo_uploads.TestSitemap" name="test_sitemap_returns_xml" time="0.313" /><testcase classname="backend.tests.test_p1_seo_uploads.TestSitemap" name="test_sitemap_has_main_pages" time="0.100" /><testcase classname="backend.tests.test_p1_seo_uploads.TestSitemap" name="test_sitemap_includes_blog_slugs" time="0.085" /><testcase classname="backend.tests.test_p1_seo_uploads.TestSitemap" name="test_sitemap_includes_products" time="0.176" /><testcase classname="backend.tests.test_p1_seo_uploads.TestSitemap" name="test_sitemap_uses_https_and_host" time="0.080" /><testcase classname="backend.tests.test_p1_seo_uploads.TestImageUpload" name="test_upload_requires_auth" time="0.081" /><testcase classname="backend.tests.test_p1_seo_uploads.TestImageUpload" name="test_upload_rejects_non_image" time="0.408" /><testcase classname="backend.tests.test_p1_seo_uploads.TestImageUpload" name="test_upload_rejects_oversize" time="2.232" /><testcase classname="backend.tests.test_p1_seo_uploads.TestImageUpload" name="test_upload_success_returns_path_and_url" time="0.256" /><testcase classname="backend.tests.test_p1_seo_uploads.TestServeUpload" name="test_serve_uploaded_image_ok" time="0.197" /><testcase classname="backend.tests.test_p1_seo_uploads.TestServeUpload" name="test_serve_unknown_path_404" time="0.095" /><testcase classname="backend.tests.test_p1_seo_uploads.TestRobots" name="test_robots_served" time="0.100" /></testsuite></testsuites>