<?xml version="1.0" encoding="utf-8"?><testsuites name="pytest tests"><testsuite name="pytest" errors="0" failures="0" skipped="0" tests="40" time="31.461" timestamp="2026-05-05T14:05:34.005578+00:00" hostname="agent-env-4f9f17c2-f959-4a36-8322-8d5ecaf18ad3"><testcase classname="backend.tests.test_p1_features.TestBlogPublic" name="test_list_blog_seeded" time="0.471" /><testcase classname="backend.tests.test_p1_features.TestBlogPublic" name="test_get_blog_by_slug" time="0.148" /><testcase classname="backend.tests.test_p1_features.TestBlogPublic" name="test_get_blog_404" time="0.163" /><testcase classname="backend.tests.test_p1_features.TestBlogAdmin" name="test_admin_list_requires_auth" time="0.172" /><testcase classname="backend.tests.test_p1_features.TestBlogAdmin" name="test_admin_list_with_token" time="0.552" /><testcase classname="backend.tests.test_p1_features.TestBlogAdmin" name="test_create_blog" time="0.168" /><testcase classname="backend.tests.test_p1_features.TestBlogAdmin" name="test_create_duplicate_slug" time="0.163" /><testcase classname="backend.tests.test_p1_features.TestBlogAdmin" name="test_update_blog" time="0.355" /><testcase classname="backend.tests.test_p1_features.TestBlogAdmin" name="test_delete_blog" time="0.313" /><testcase classname="backend.tests.test_p1_features.TestTestimonials" name="test_public_list" time="0.149" /><testcase classname="backend.tests.test_p1_features.TestTestimonials" name="test_admin_requires_auth" time="0.152" /><testcase classname="backend.tests.test_p1_features.TestTestimonials" name="test_admin_create" time="0.165" /><testcase classname="backend.tests.test_p1_features.TestTestimonials" name="test_admin_update" time="0.183" /><testcase classname="backend.tests.test_p1_features.TestTestimonials" name="test_admin_delete" time="0.165" /><testcase classname="backend.tests.test_p1_features.TestOrders" name="test_admin_orders_requires_auth" time="0.136" /><testcase classname="backend.tests.test_p1_features.TestOrders" name="test_admin_orders_list" time="0.152" /><testcase classname="backend.tests.test_p1_features.TestOrders" name="test_reissue_unknown_order" time="0.177" /><testcase classname="backend.tests.test_p1_features.TestOrders" name="test_reissue_unpaid_returns_400" time="0.380" /><testcase classname="backend.tests.test_p1_features.TestOrders" name="test_reissue_paid_mints_token" time="0.409" /><testcase classname="backend.tests.test_p1_features.TestCheckoutStatusFallback" name="test_status_returns_200_for_initiated" time="22.154" /><testcase classname="backend.tests.backend_test.TestAuth" name="test_login_success" time="0.533" /><testcase classname="backend.tests.backend_test.TestAuth" name="test_login_bad_credentials" time="0.341" /><testcase classname="backend.tests.backend_test.TestAuth" name="test_me_requires_auth" time="0.107" /><testcase classname="backend.tests.backend_test.TestAuth" name="test_me_with_token" time="0.432" /><testcase classname="backend.tests.backend_test.TestProducts" name="test_list_products_seeded" time="0.106" /><testcase classname="backend.tests.backend_test.TestProducts" name="test_get_product_by_id" time="0.228" /><testcase classname="backend.tests.backend_test.TestProducts" name="test_get_product_404" time="0.137" /><testcase classname="backend.tests.backend_test.TestAdminProducts" name="test_admin_list_requires_auth" time="0.106" /><testcase classname="backend.tests.backend_test.TestAdminProducts" name="test_admin_list_with_token" time="0.102" /><testcase classname="backend.tests.backend_test.TestAdminProducts" name="test_create_update_delete_flow" time="0.623" /><testcase classname="backend.tests.backend_test.TestContact" name="test_create_contact" time="0.105" /><testcase classname="backend.tests.backend_test.TestContact" name="test_admin_list_contacts_requires_auth" time="0.104" /><testcase classname="backend.tests.backend_test.TestContact" name="test_admin_list_contacts" time="0.110" /><testcase classname="backend.tests.backend_test.TestBooking" name="test_create_booking" time="0.118" /><testcase classname="backend.tests.backend_test.TestBooking" name="test_admin_list_bookings_requires_auth" time="0.112" /><testcase classname="backend.tests.backend_test.TestBooking" name="test_admin_list_bookings" time="0.112" /><testcase classname="backend.tests.backend_test.TestCheckout" name="test_create_checkout_session" time="0.677" /><testcase classname="backend.tests.backend_test.TestCheckout" name="test_checkout_status_initiated" time="0.337" /><testcase classname="backend.tests.backend_test.TestCheckout" name="test_checkout_status_unknown_session" time="0.121" /><testcase classname="backend.tests.backend_test.TestCheckout" name="test_checkout_invalid_product" time="0.123" /></testsuite></testsuites>